[0.066s] Invoking command in '/home/endure/Robot 3/build/openslam_gmapping': CMAKE_PREFIX_PATH=/home/endure/TA/yahboomcar_ws/install/yahboomcar_rviz:/home/endure/TA/yahboomcar_ws/install/yahboomcar_nav:/home/endure/TA/yahboomcar_ws/install/yahboomcar_multi:/home/endure/TA/yahboomcar_ws/install/yahboomcar_description:/opt/ros/humble /usr/bin/cmake /home/endure/Robot 3/src/openslam_gmapping -DAMENT_CMAKE_SYMLINK_INSTALL=1 -DCMAKE_INSTALL_PREFIX=/home/endure/Robot 3/install/openslam_gmapping
[0.919s] -- The C compiler identification is GNU 11.4.0
[0.919s] -- The CXX compiler identification is GNU 11.4.0
[0.920s] -- Detecting C compiler ABI info
[1.000s] -- Detecting C compiler ABI info - done
[1.067s] -- Check for working C compiler: /usr/bin/cc - skipped
[1.072s] -- Detecting C compile features
[1.085s] -- Detecting C compile features - done
[1.141s] -- Detecting CXX compiler ABI info
[1.544s] -- Detecting CXX compiler ABI info - done
[1.584s] -- Check for working CXX compiler: /usr/bin/c++ - skipped
[1.584s] -- Detecting CXX compile features
[1.590s] -- Detecting CXX compile features - done
[1.616s] -- Found ament_cmake: 1.3.12 (/opt/ros/humble/share/ament_cmake/cmake)
[2.327s] -- Found Python3: /usr/bin/python3 (found version "3.10.12") found components: Interpreter 
[2.769s] -- Override CMake install command with custom implementation using symlinks instead of copying resources
[3.857s] -- Configuring done
[3.973s] -- Generating done
[4.000s] -- Build files have been written to: /home/endure/Robot 3/build/openslam_gmapping
[4.035s] Invoked command in '/home/endure/Robot 3/build/openslam_gmapping' returned '0': CMAKE_PREFIX_PATH=/home/endure/TA/yahboomcar_ws/install/yahboomcar_rviz:/home/endure/TA/yahboomcar_ws/install/yahboomcar_nav:/home/endure/TA/yahboomcar_ws/install/yahboomcar_multi:/home/endure/TA/yahboomcar_ws/install/yahboomcar_description:/opt/ros/humble /usr/bin/cmake /home/endure/Robot 3/src/openslam_gmapping -DAMENT_CMAKE_SYMLINK_INSTALL=1 -DCMAKE_INSTALL_PREFIX=/home/endure/Robot 3/install/openslam_gmapping
[4.036s] Invoking command in '/home/endure/Robot 3/build/openslam_gmapping': CMAKE_PREFIX_PATH=/home/endure/TA/yahboomcar_ws/install/yahboomcar_rviz:/home/endure/TA/yahboomcar_ws/install/yahboomcar_nav:/home/endure/TA/yahboomcar_ws/install/yahboomcar_multi:/home/endure/TA/yahboomcar_ws/install/yahboomcar_description:/opt/ros/humble /usr/bin/cmake --build /home/endure/Robot 3/build/openslam_gmapping -- -j4 -l4
[4.422s] [  4%] [32mBuilding CXX object sensor/sensor_base/CMakeFiles/sensor_base.dir/sensor.cpp.o[0m
[4.434s] [  9%] [32mBuilding CXX object sensor/sensor_base/CMakeFiles/sensor_base.dir/sensorreading.cpp.o[0m
[4.475s] [ 13%] [32mBuilding CXX object utils/CMakeFiles/utils.dir/stat.cpp.o[0m
[4.484s] [ 18%] [32mBuilding CXX object utils/CMakeFiles/utils.dir/movement.cpp.o[0m
[7.037s] [ 22%] [32m[1mLinking CXX static library libsensor_base.a[0m
[7.275s] [ 22%] Built target sensor_base
[7.559s] [ 27%] [32mBuilding CXX object sensor/sensor_odometry/CMakeFiles/sensor_odometry.dir/odometryreading.cpp.o[0m
[7.567s] [ 31%] [32mBuilding CXX object sensor/sensor_range/CMakeFiles/sensor_range.dir/rangereading.cpp.o[0m
[7.573s] [ 36%] [32mBuilding CXX object sensor/sensor_odometry/CMakeFiles/sensor_odometry.dir/odometrysensor.cpp.o[0m
[8.302s] [ 40%] [32m[1mLinking CXX static library libutils.a[0m
[8.732s] [ 40%] Built target utils
[8.826s] [ 45%] [32mBuilding CXX object sensor/sensor_range/CMakeFiles/sensor_range.dir/rangesensor.cpp.o[0m
[10.583s] [ 50%] [32m[1mLinking CXX static library libsensor_odometry.a[0m
[10.805s] [ 50%] Built target sensor_odometry
[11.325s] [ 54%] [32m[1mLinking CXX static library libsensor_range.a[0m
[11.436s] [ 54%] Built target sensor_range
[11.511s] [ 59%] [32mBuilding CXX object scanmatcher/CMakeFiles/scanmatcher.dir/scanmatcher.cpp.o[0m
[11.540s] [ 63%] [32mBuilding CXX object scanmatcher/CMakeFiles/scanmatcher.dir/eig3.cpp.o[0m
[11.544s] [ 68%] [32mBuilding CXX object scanmatcher/CMakeFiles/scanmatcher.dir/smmap.cpp.o[0m
[11.559s] [ 72%] [32mBuilding CXX object scanmatcher/CMakeFiles/scanmatcher.dir/scanmatcherprocessor.cpp.o[0m
[11.817s] In file included from [01m[K/home/endure/Robot 3/src/openslam_gmapping/scanmatcher/scanmatcherprocessor.cpp:2[m[K:
[11.817s] [01m[K/home/endure/Robot 3/src/openslam_gmapping/scanmatcher/scanmatcherprocessor.h:4:10:[m[K [01;31m[Kfatal error: [m[Kgmapping/log/sensorlog.h: No such file or directory
[11.817s]     4 | #include [01;31m[K<gmapping/log/sensorlog.h>[m[K
[11.817s]       |          [01;31m[K^~~~~~~~~~~~~~~~~~~~~~~~~~[m[K
[11.817s] compilation terminated.
[11.821s] gmake[2]: *** [scanmatcher/CMakeFiles/scanmatcher.dir/build.make:104: scanmatcher/CMakeFiles/scanmatcher.dir/scanmatcherprocessor.cpp.o] Error 1
[11.822s] gmake[2]: *** Waiting for unfinished jobs....
[14.365s] gmake[1]: *** [CMakeFiles/Makefile2:288: scanmatcher/CMakeFiles/scanmatcher.dir/all] Error 2
[14.366s] gmake: *** [Makefile:146: all] Error 2
