[0.034s] Invoking command in '/home/endure/Robot 3/build/openslam_gmapping': CMAKE_PREFIX_PATH=/home/endure/TA/yahboomcar_ws/install/yahboomcar_rviz:/home/endure/TA/yahboomcar_ws/install/yahboomcar_nav:/home/endure/TA/yahboomcar_ws/install/yahboomcar_multi:/home/endure/TA/yahboomcar_ws/install/yahboomcar_description:/opt/ros/humble /usr/bin/cmake /home/endure/Robot 3/src/openslam_gmapping -DCMAKE_INSTALL_PREFIX=/home/endure/Robot 3/install/openslam_gmapping
[0.448s] -- Found ament_cmake: 1.3.12 (/opt/ros/humble/share/ament_cmake/cmake)
[0.448s] -- Override CMake install command with custom implementation using symlinks instead of copying resources
[0.448s] -- Configuring done
[0.501s] -- Generating done
[0.520s] -- Build files have been written to: /home/endure/Robot 3/build/openslam_gmapping
[0.534s] Invoked command in '/home/endure/Robot 3/build/openslam_gmapping' returned '0': CMAKE_PREFIX_PATH=/home/endure/TA/yahboomcar_ws/install/yahboomcar_rviz:/home/endure/TA/yahboomcar_ws/install/yahboomcar_nav:/home/endure/TA/yahboomcar_ws/install/yahboomcar_multi:/home/endure/TA/yahboomcar_ws/install/yahboomcar_description:/opt/ros/humble /usr/bin/cmake /home/endure/Robot 3/src/openslam_gmapping -DCMAKE_INSTALL_PREFIX=/home/endure/Robot 3/install/openslam_gmapping
[0.535s] Invoking command in '/home/endure/Robot 3/build/openslam_gmapping': CMAKE_PREFIX_PATH=/home/endure/TA/yahboomcar_ws/install/yahboomcar_rviz:/home/endure/TA/yahboomcar_ws/install/yahboomcar_nav:/home/endure/TA/yahboomcar_ws/install/yahboomcar_multi:/home/endure/TA/yahboomcar_ws/install/yahboomcar_description:/opt/ros/humble /usr/bin/cmake --build /home/endure/Robot 3/build/openslam_gmapping -- -j4 -l4
[0.634s] [35m[1mConsolidate compiler generated dependencies of target utils[0m
[0.641s] [35m[1mConsolidate compiler generated dependencies of target sensor_base[0m
[0.671s] [ 13%] Built target sensor_base
[0.679s] [ 27%] Built target utils
[0.690s] [35m[1mConsolidate compiler generated dependencies of target sensor_range[0m
[0.690s] [35m[1mConsolidate compiler generated dependencies of target sensor_odometry[0m
[0.723s] [ 40%] Built target sensor_odometry
[0.728s] [ 54%] Built target sensor_range
[0.760s] [35m[1mConsolidate compiler generated dependencies of target scanmatcher[0m
[0.785s] [ 59%] [32mBuilding CXX object scanmatcher/CMakeFiles/scanmatcher.dir/scanmatcherprocessor.cpp.o[0m
[0.916s] In file included from [01m[K/home/endure/Robot 3/src/openslam_gmapping/scanmatcher/scanmatcherprocessor.cpp:2[m[K:
[0.916s] [01m[K/home/endure/Robot 3/src/openslam_gmapping/scanmatcher/scanmatcherprocessor.h:4:10:[m[K [01;31m[Kfatal error: [m[Kgmapping/log/sensorlog.h: No such file or directory
[0.916s]     4 | #include [01;31m[K<gmapping/log/sensorlog.h>[m[K
[0.916s]       |          [01;31m[K^~~~~~~~~~~~~~~~~~~~~~~~~~[m[K
[0.917s] compilation terminated.
[0.920s] gmake[2]: *** [scanmatcher/CMakeFiles/scanmatcher.dir/build.make:104: scanmatcher/CMakeFiles/scanmatcher.dir/scanmatcherprocessor.cpp.o] Error 1
[0.922s] gmake[1]: *** [CMakeFiles/Makefile2:288: scanmatcher/CMakeFiles/scanmatcher.dir/all] Error 2
[0.922s] gmake: *** [Makefile:146: all] Error 2
[0.925s] Invoked command in '/home/endure/Robot 3/build/openslam_gmapping' returned '2': CMAKE_PREFIX_PATH=/home/endure/TA/yahboomcar_ws/install/yahboomcar_rviz:/home/endure/TA/yahboomcar_ws/install/yahboomcar_nav:/home/endure/TA/yahboomcar_ws/install/yahboomcar_multi:/home/endure/TA/yahboomcar_ws/install/yahboomcar_description:/opt/ros/humble /usr/bin/cmake --build /home/endure/Robot 3/build/openslam_gmapping -- -j4 -l4
